This file contains any messages produced by compilers while
running configure, to aid debugging if configure makes a mistake.

It was created by Cebook configure 1,0, which was
generated by GNU Autoconf 2.69.  Invocation command line was

  $ ./configure --no-create --no-recursion

## --------- ##
## Platform. ##
## --------- ##

hostname = pos3
uname -m = x86_64
uname -r = 5.4.0-48-generic
uname -s = Linux
uname -v = #52-Ubuntu SMP Thu Sep 10 10:58:49 UTC 2020

/usr/bin/uname -p = x86_64
/bin/uname -X     = unknown

/bin/arch              = x86_64
/usr/bin/arch -k       = unknown
/usr/convex/getsysinfo = unknown
/usr/bin/hostinfo      = unknown
/bin/machine           = unknown
/usr/bin/oslevel       = unknown
/bin/universe          = unknown

PATH: /home/pos3/workspace/ldd/downloads/gcc-linaro-7.5.0-2019.12-x86_64_arm-linux-gnueabihf/bin
PATH: /usr/local/sbin
PATH: /usr/local/bin
PATH: /usr/sbin
PATH: /usr/bin
PATH: /sbin
PATH: /bin
PATH: /usr/games
PATH: /usr/local/games
PATH: /snap/bin


## ----------- ##
## Core tests. ##
## ----------- ##

configure:1902: checking for a BSD-compatible install
configure:1970: result: /usr/bin/install -c
configure:1981: checking whether build environment is sane
configure:2036: result: yes
configure:2185: checking for a thread-safe mkdir -p
configure:2224: result: /usr/bin/mkdir -p
configure:2231: checking for gawk
configure:2261: result: no
configure:2231: checking for mawk
configure:2247: found /usr/bin/mawk
configure:2258: result: mawk
configure:2269: checking whether make sets $(MAKE)
configure:2291: result: yes
configure:2320: checking whether make supports nested variables
configure:2337: result: yes
configure:2511: checking for gcc
configure:2527: found /usr/bin/gcc
configure:2538: result: gcc
configure:2767: checking for C compiler version
configure:2776: gcc --version >&5
gcc (Ubuntu 9.3.0-17ubuntu1~20.04) 9.3.0
Copyright (C) 2019 Free Software Foundation, Inc.
This is free software; see the source for copying conditions.  There is NO
warranty; not even for MERCHANTABILITY or FITNESS FOR A PARTICULAR PURPOSE.

configure:2787: $? = 0
configure:2776: gcc -v >&5
Using built-in specs.
COLLECT_GCC=gcc
COLLECT_LTO_WRAPPER=/usr/lib/gcc/x86_64-linux-gnu/9/lto-wrapper
OFFLOAD_TARGET_NAMES=nvptx-none:hsa
OFFLOAD_TARGET_DEFAULT=1
Target: x86_64-linux-gnu
Configured with: ../src/configure -v --with-pkgversion='Ubuntu 9.3.0-17ubuntu1~20.04' --with-bugurl=file:///usr/share/doc/gcc-9/README.Bugs --enable-languages=c,ada,c++,go,brig,d,fortran,objc,obj-c++,gm2 --prefix=/usr --with-gcc-major-version-only --program-suffix=-9 --program-prefix=x86_64-linux-gnu- --enable-shared --enable-linker-build-id --libexecdir=/usr/lib --without-included-gettext --enable-threads=posix --libdir=/usr/lib --enable-nls --enable-clocale=gnu --enable-libstdcxx-debug --enable-libstdcxx-time=yes --with-default-libstdcxx-abi=new --enable-gnu-unique-object --disable-vtable-verify --enable-plugin --enable-default-pie --with-system-zlib --with-target-system-zlib=auto --enable-objc-gc=auto --enable-multiarch --disable-werror --with-arch-32=i686 --with-abi=m64 --with-multilib-list=m32,m64,mx32 --enable-multilib --with-tune=generic --enable-offload-targets=nvptx-none=/build/gcc-9-HskZEa/gcc-9-9.3.0/debian/tmp-nvptx/usr,hsa --without-cuda-driver --enable-checking=release --build=x86_64-linux-gnu --host=x86_64-linux-gnu --target=x86_64-linux-gnu
Thread model: posix
gcc version 9.3.0 (Ubuntu 9.3.0-17ubuntu1~20.04) 
configure:2787: $? = 0
configure:2776: gcc -V >&5
gcc: error: unrecognized command line option '-V'
gcc: fatal error: no input files
compilation terminated.
configure:2787: $? = 1
configure:2776: gcc -qversion >&5
gcc: error: unrecognized command line option '-qversion'; did you mean '--version'?
gcc: fatal error: no input files
compilation terminated.
configure:2787: $? = 1
configure:2807: checking whether the C compiler works
configure:2829: gcc    conftest.c  >&5
configure:2833: $? = 0
configure:2881: result: yes
configure:2884: checking for C compiler default output file name
configure:2886: result: a.out
configure:2892: checking for suffix of executables
configure:2899: gcc -o conftest    conftest.c  >&5
configure:2903: $? = 0
configure:2925: result: 
configure:2947: checking whether we are cross compiling
configure:2955: gcc -o conftest    conftest.c  >&5
configure:2959: $? = 0
configure:2966: ./conftest
configure:2970: $? = 0
configure:2958: result: no
configure:2963: checking for suffix of object files
configure:2985: gcc -c   conftest.c >&5
configure:2989: $? = 0
configure:3010: result: o
configure:3014: checking whether we are using the GNU C compiler
configure:3033: gcc -c   conftest.c >&5
configure:3033: $? = 0
configure:3042: result: yes
configure:3051: checking whether gcc accepts -g
configure:3071: gcc -c -g  conftest.c >&5
configure:3071: $? = 0
configure:3112: result: yes
configure:3129: checking for gcc option to accept ISO C89
configure:3192: gcc  -c -g -O2  conftest.c >&5
configure:3192: $? = 0
configure:3205: result: none needed
configure:3230: checking whether gcc understands -c and -o together
configure:3252: gcc -c conftest.c -o conftest2.o
configure:3255: $? = 0
configure:3252: gcc -c conftest.c -o conftest2.o
configure:3255: $? = 0
configure:3267: result: yes
configure:3287: checking whether make supports the include directive
configure:3302: make -f confmf.GNU && cat confinc.out
make[1]: Entering directory '/home/pos3/dev/cebook'
make[1]: Leaving directory '/home/pos3/dev/cebook'
this is the am__doit target
configure:3305: $? = 0
configure:3324: result: yes (GNU style)
configure:3349: checking dependency style of gcc
configure:3460: result: gcc3
configure:3534: checking for pkg-config
configure:3552: found /usr/bin/pkg-config
configure:3564: result: /usr/bin/pkg-config
configure:3589: checking pkg-config is at least version 0.9.0
configure:3592: result: yes
configure:3602: checking for GTK3
configure:3609: $PKG_CONFIG --exists --print-errors "gtk+-3.0"
configure:3612: $? = 0
configure:3626: $PKG_CONFIG --exists --print-errors "gtk+-3.0"
configure:3629: $? = 0
configure:3687: result: yes
configure:3693: checking for library containing curl_easy_setopt
configure:3724: gcc -o conftest -g -O2   conftest.c  >&5
/usr/bin/ld: /tmp/ccSAv8Qg.o: in function `main':
/home/pos3/dev/cebook/conftest.c:22: undefined reference to `curl_easy_setopt'
collect2: error: ld returned 1 exit status
configure:3724: $? = 1
configure: failed program was:
| /* confdefs.h */
| #define PACKAGE_NAME "Cebook"
| #define PACKAGE_TARNAME "cebook"
| #define PACKAGE_VERSION "1,0"
| #define PACKAGE_STRING "Cebook 1,0"
| #define PACKAGE_BUGREPORT "admin@labseni.com"
| #define PACKAGE_URL ""
| #define PACKAGE "cebook"
| #define VERSION "1,0"
| /* end confdefs.h.  */
| 
| /* Override any GCC internal prototype to avoid an error.
|    Use char because int might match the return type of a GCC
|    builtin and then its argument prototype would still apply.  */
| #ifdef __cplusplus
| extern "C"
| #endif
| char curl_easy_setopt ();
| int
| main ()
| {
| return curl_easy_setopt ();
|   ;
|   return 0;
| }
configure:3724: gcc -o conftest -g -O2   conftest.c -lcurl   >&5
configure:3724: $? = 0
configure:3741: result: -lcurl
configure:3754: checking for library containing pthread_join
configure:3785: gcc -o conftest -g -O2   conftest.c -lcurl  >&5
/usr/bin/ld: /tmp/ccFpxS31.o: in function `main':
/home/pos3/dev/cebook/conftest.c:22: undefined reference to `pthread_join'
collect2: error: ld returned 1 exit status
configure:3785: $? = 1
configure: failed program was:
| /* confdefs.h */
| #define PACKAGE_NAME "Cebook"
| #define PACKAGE_TARNAME "cebook"
| #define PACKAGE_VERSION "1,0"
| #define PACKAGE_STRING "Cebook 1,0"
| #define PACKAGE_BUGREPORT "admin@labseni.com"
| #define PACKAGE_URL ""
| #define PACKAGE "cebook"
| #define VERSION "1,0"
| /* end confdefs.h.  */
| 
| /* Override any GCC internal prototype to avoid an error.
|    Use char because int might match the return type of a GCC
|    builtin and then its argument prototype would still apply.  */
| #ifdef __cplusplus
| extern "C"
| #endif
| char pthread_join ();
| int
| main ()
| {
| return pthread_join ();
|   ;
|   return 0;
| }
configure:3785: gcc -o conftest -g -O2   conftest.c -lpthread  -lcurl  >&5
configure:3785: $? = 0
configure:3802: result: -lpthread
configure:3815: checking for library containing sqlite3_libversion
configure:3846: gcc -o conftest -g -O2   conftest.c -lpthread -lcurl  >&5
/usr/bin/ld: /tmp/cc5oZyFT.o: in function `main':
/home/pos3/dev/cebook/conftest.c:22: undefined reference to `sqlite3_libversion'
collect2: error: ld returned 1 exit status
configure:3846: $? = 1
configure: failed program was:
| /* confdefs.h */
| #define PACKAGE_NAME "Cebook"
| #define PACKAGE_TARNAME "cebook"
| #define PACKAGE_VERSION "1,0"
| #define PACKAGE_STRING "Cebook 1,0"
| #define PACKAGE_BUGREPORT "admin@labseni.com"
| #define PACKAGE_URL ""
| #define PACKAGE "cebook"
| #define VERSION "1,0"
| /* end confdefs.h.  */
| 
| /* Override any GCC internal prototype to avoid an error.
|    Use char because int might match the return type of a GCC
|    builtin and then its argument prototype would still apply.  */
| #ifdef __cplusplus
| extern "C"
| #endif
| char sqlite3_libversion ();
| int
| main ()
| {
| return sqlite3_libversion ();
|   ;
|   return 0;
| }
configure:3846: gcc -o conftest -g -O2   conftest.c -lsqlite3  -lpthread -lcurl  >&5
configure:3846: $? = 0
configure:3863: result: -lsqlite3
configure:3876: checking for library containing gps_stream
configure:3907: gcc -o conftest -g -O2   conftest.c -lsqlite3 -lpthread -lcurl  >&5
/usr/bin/ld: /tmp/ccwq2U0G.o: in function `main':
/home/pos3/dev/cebook/conftest.c:22: undefined reference to `gps_stream'
collect2: error: ld returned 1 exit status
configure:3907: $? = 1
configure: failed program was:
| /* confdefs.h */
| #define PACKAGE_NAME "Cebook"
| #define PACKAGE_TARNAME "cebook"
| #define PACKAGE_VERSION "1,0"
| #define PACKAGE_STRING "Cebook 1,0"
| #define PACKAGE_BUGREPORT "admin@labseni.com"
| #define PACKAGE_URL ""
| #define PACKAGE "cebook"
| #define VERSION "1,0"
| /* end confdefs.h.  */
| 
| /* Override any GCC internal prototype to avoid an error.
|    Use char because int might match the return type of a GCC
|    builtin and then its argument prototype would still apply.  */
| #ifdef __cplusplus
| extern "C"
| #endif
| char gps_stream ();
| int
| main ()
| {
| return gps_stream ();
|   ;
|   return 0;
| }
configure:3907: gcc -o conftest -g -O2   conftest.c -lgps  -lsqlite3 -lpthread -lcurl  >&5
configure:3907: $? = 0
configure:3924: result: -lgps
configure:3937: checking for library containing cos
configure:3968: gcc -o conftest -g -O2   conftest.c -lgps -lsqlite3 -lpthread -lcurl  >&5
conftest.c:18:6: warning: conflicting types for built-in function 'cos'; expected 'double(double)' [-Wbuiltin-declaration-mismatch]
   18 | char cos ();
      |      ^~~
conftest.c:1:1: note: 'cos' is declared in header '<math.h>'
    1 | /* confdefs.h */
/usr/bin/ld: /tmp/ccR0ObYv.o: in function `main':
/home/pos3/dev/cebook/conftest.c:22: undefined reference to `cos'
collect2: error: ld returned 1 exit status
configure:3968: $? = 1
configure: failed program was:
| /* confdefs.h */
| #define PACKAGE_NAME "Cebook"
| #define PACKAGE_TARNAME "cebook"
| #define PACKAGE_VERSION "1,0"
| #define PACKAGE_STRING "Cebook 1,0"
| #define PACKAGE_BUGREPORT "admin@labseni.com"
| #define PACKAGE_URL ""
| #define PACKAGE "cebook"
| #define VERSION "1,0"
| /* end confdefs.h.  */
| 
| /* Override any GCC internal prototype to avoid an error.
|    Use char because int might match the return type of a GCC
|    builtin and then its argument prototype would still apply.  */
| #ifdef __cplusplus
| extern "C"
| #endif
| char cos ();
| int
| main ()
| {
| return cos ();
|   ;
|   return 0;
| }
configure:3968: gcc -o conftest -g -O2   conftest.c -lm  -lgps -lsqlite3 -lpthread -lcurl  >&5
conftest.c:18:6: warning: conflicting types for built-in function 'cos'; expected 'double(double)' [-Wbuiltin-declaration-mismatch]
   18 | char cos ();
      |      ^~~
conftest.c:1:1: note: 'cos' is declared in header '<math.h>'
    1 | /* confdefs.h */
configure:3968: $? = 0
configure:3985: result: -lm
configure:4098: checking that generated files are newer than configure
configure:4104: result: done
configure:4127: creating ./config.status

## ---------------- ##
## Cache variables. ##
## ---------------- ##

ac_cv_c_compiler_gnu=yes
ac_cv_env_CC_set=
ac_cv_env_CC_value=
ac_cv_env_CFLAGS_set=
ac_cv_env_CFLAGS_value=
ac_cv_env_CPPFLAGS_set=
ac_cv_env_CPPFLAGS_value=
ac_cv_env_GTK3_CFLAGS_set=
ac_cv_env_GTK3_CFLAGS_value=
ac_cv_env_GTK3_LIBS_set=
ac_cv_env_GTK3_LIBS_value=
ac_cv_env_LDFLAGS_set=
ac_cv_env_LDFLAGS_value=
ac_cv_env_LIBS_set=
ac_cv_env_LIBS_value=
ac_cv_env_PKG_CONFIG_LIBDIR_set=
ac_cv_env_PKG_CONFIG_LIBDIR_value=
ac_cv_env_PKG_CONFIG_PATH_set=
ac_cv_env_PKG_CONFIG_PATH_value=
ac_cv_env_PKG_CONFIG_set=
ac_cv_env_PKG_CONFIG_value=
ac_cv_env_build_alias_set=
ac_cv_env_build_alias_value=
ac_cv_env_host_alias_set=
ac_cv_env_host_alias_value=
ac_cv_env_target_alias_set=
ac_cv_env_target_alias_value=
ac_cv_objext=o
ac_cv_path_ac_pt_PKG_CONFIG=/usr/bin/pkg-config
ac_cv_path_install='/usr/bin/install -c'
ac_cv_path_mkdir=/usr/bin/mkdir
ac_cv_prog_AWK=mawk
ac_cv_prog_ac_ct_CC=gcc
ac_cv_prog_cc_c89=
ac_cv_prog_cc_g=yes
ac_cv_prog_make_make_set=yes
ac_cv_search_cos=-lm
ac_cv_search_curl_easy_setopt=-lcurl
ac_cv_search_gps_stream=-lgps
ac_cv_search_pthread_join=-lpthread
ac_cv_search_sqlite3_libversion=-lsqlite3
am_cv_CC_dependencies_compiler_type=gcc3
am_cv_make_support_nested_variables=yes
am_cv_prog_cc_c_o=yes
pkg_cv_GTK3_CFLAGS='-pthread -I/usr/include/gtk-3.0 -I/usr/include/at-spi2-atk/2.0 -I/usr/include/at-spi-2.0 -I/usr/include/dbus-1.0 -I/usr/lib/x86_64-linux-gnu/dbus-1.0/include -I/usr/include/gtk-3.0 -I/usr/include/gio-unix-2.0 -I/usr/include/cairo -I/usr/include/pango-1.0 -I/usr/include/fribidi -I/usr/include/harfbuzz -I/usr/include/atk-1.0 -I/usr/include/cairo -I/usr/include/pixman-1 -I/usr/include/uuid -I/usr/include/freetype2 -I/usr/include/libpng16 -I/usr/include/gdk-pixbuf-2.0 -I/usr/include/libmount -I/usr/include/blkid -I/usr/include/glib-2.0 -I/usr/lib/x86_64-linux-gnu/glib-2.0/include'
pkg_cv_GTK3_LIBS='-lgtk-3 -lgdk-3 -lpangocairo-1.0 -lpango-1.0 -lharfbuzz -latk-1.0 -lcairo-gobject -lcairo -lgdk_pixbuf-2.0 -lgio-2.0 -lgobject-2.0 -lglib-2.0'

## ----------------- ##
## Output variables. ##
## ----------------- ##

ACLOCAL='${SHELL} /home/pos3/dev/cebook/missing aclocal-1.16'
AMDEPBACKSLASH='\'
AMDEP_FALSE='#'
AMDEP_TRUE=''
AMTAR='$${TAR-tar}'
AM_BACKSLASH='\'
AM_DEFAULT_V='$(AM_DEFAULT_VERBOSITY)'
AM_DEFAULT_VERBOSITY='1'
AM_V='$(V)'
AUTOCONF='${SHELL} /home/pos3/dev/cebook/missing autoconf'
AUTOHEADER='${SHELL} /home/pos3/dev/cebook/missing autoheader'
AUTOMAKE='${SHELL} /home/pos3/dev/cebook/missing automake-1.16'
AWK='mawk'
CC='gcc'
CCDEPMODE='depmode=gcc3'
CFLAGS='-g -O2'
CPPFLAGS=''
CYGPATH_W='echo'
DEFS='-DHAVE_CONFIG_H'
DEPDIR='.deps'
ECHO_C=''
ECHO_N='-n'
ECHO_T=''
EXEEXT=''
GTK3_CFLAGS='-pthread -I/usr/include/gtk-3.0 -I/usr/include/at-spi2-atk/2.0 -I/usr/include/at-spi-2.0 -I/usr/include/dbus-1.0 -I/usr/lib/x86_64-linux-gnu/dbus-1.0/include -I/usr/include/gtk-3.0 -I/usr/include/gio-unix-2.0 -I/usr/include/cairo -I/usr/include/pango-1.0 -I/usr/include/fribidi -I/usr/include/harfbuzz -I/usr/include/atk-1.0 -I/usr/include/cairo -I/usr/include/pixman-1 -I/usr/include/uuid -I/usr/include/freetype2 -I/usr/include/libpng16 -I/usr/include/gdk-pixbuf-2.0 -I/usr/include/libmount -I/usr/include/blkid -I/usr/include/glib-2.0 -I/usr/lib/x86_64-linux-gnu/glib-2.0/include'
GTK3_LIBS='-lgtk-3 -lgdk-3 -lpangocairo-1.0 -lpango-1.0 -lharfbuzz -latk-1.0 -lcairo-gobject -lcairo -lgdk_pixbuf-2.0 -lgio-2.0 -lgobject-2.0 -lglib-2.0'
INSTALL_DATA='${INSTALL} -m 644'
INSTALL_PROGRAM='${INSTALL}'
INSTALL_SCRIPT='${INSTALL}'
INSTALL_STRIP_PROGRAM='$(install_sh) -c -s'
LDFLAGS=''
LIBOBJS=''
LIBS='-lm -lgps -lsqlite3 -lpthread -lcurl '
LTLIBOBJS=''
MAKEINFO='${SHELL} /home/pos3/dev/cebook/missing makeinfo'
MKDIR_P='/usr/bin/mkdir -p'
OBJEXT='o'
PACKAGE='cebook'
PACKAGE_BUGREPORT='admin@labseni.com'
PACKAGE_NAME='Cebook'
PACKAGE_STRING='Cebook 1,0'
PACKAGE_TARNAME='cebook'
PACKAGE_URL=''
PACKAGE_VERSION='1,0'
PATH_SEPARATOR=':'
PKG_CONFIG='/usr/bin/pkg-config'
PKG_CONFIG_LIBDIR=''
PKG_CONFIG_PATH=''
SET_MAKE=''
SHELL='/bin/bash'
STRIP=''
VERSION='1,0'
ac_ct_CC='gcc'
am__EXEEXT_FALSE=''
am__EXEEXT_TRUE='#'
am__fastdepCC_FALSE='#'
am__fastdepCC_TRUE=''
am__include='include'
am__isrc=''
am__leading_dot='.'
am__nodep='_no'
am__quote=''
am__tar='$${TAR-tar} chof - "$$tardir"'
am__untar='$${TAR-tar} xf -'
bindir='${exec_prefix}/bin'
build_alias=''
datadir='${datarootdir}'
datarootdir='${prefix}/share'
docdir='${datarootdir}/doc/${PACKAGE_TARNAME}'
dvidir='${docdir}'
exec_prefix='${prefix}'
host_alias=''
htmldir='${docdir}'
includedir='${prefix}/include'
infodir='${datarootdir}/info'
install_sh='${SHELL} /home/pos3/dev/cebook/install-sh'
libdir='${exec_prefix}/lib'
libexecdir='${exec_prefix}/libexec'
localedir='${datarootdir}/locale'
localstatedir='${prefix}/var'
mandir='${datarootdir}/man'
mkdir_p='$(MKDIR_P)'
oldincludedir='/usr/include'
pdfdir='${docdir}'
prefix='/usr/local'
program_transform_name='s,x,x,'
psdir='${docdir}'
runstatedir='${localstatedir}/run'
sbindir='${exec_prefix}/sbin'
sharedstatedir='${prefix}/com'
sysconfdir='${prefix}/etc'
target_alias=''

## ----------- ##
## confdefs.h. ##
## ----------- ##

/* confdefs.h */
#define PACKAGE_NAME "Cebook"
#define PACKAGE_TARNAME "cebook"
#define PACKAGE_VERSION "1,0"
#define PACKAGE_STRING "Cebook 1,0"
#define PACKAGE_BUGREPORT "admin@labseni.com"
#define PACKAGE_URL ""
#define PACKAGE "cebook"
#define VERSION "1,0"

configure: exit 0

## ---------------------- ##
## Running config.status. ##
## ---------------------- ##

This file was extended by Cebook config.status 1,0, which was
generated by GNU Autoconf 2.69.  Invocation command line was

  CONFIG_FILES    = 
  CONFIG_HEADERS  = 
  CONFIG_LINKS    = 
  CONFIG_COMMANDS = 
  $ ./config.status 

on pos3

config.status:845: creating Makefile
config.status:845: creating src/Makefile
config.status:845: creating config.h
config.status:1026: config.h is unchanged
config.status:1074: executing depfiles commands
config.status:1151: cd src       && sed -e '/# am--include-marker/d' Makefile         | make -f - am--depfiles
make[1]: Entering directory '/home/pos3/dev/cebook/src'
make[1]: Nothing to be done for 'am--depfiles'.
make[1]: Leaving directory '/home/pos3/dev/cebook/src'
config.status:1156: $? = 0

## ---------------------- ##
## Running config.status. ##
## ---------------------- ##

This file was extended by Cebook config.status 1,0, which was
generated by GNU Autoconf 2.69.  Invocation command line was

  CONFIG_FILES    = 
  CONFIG_HEADERS  = 
  CONFIG_LINKS    = 
  CONFIG_COMMANDS = 
  $ ./config.status config.h

on pos3

config.status:845: creating config.h
config.status:1026: config.h is unchanged
